0 info it worked if it ends with ok
1 verbose cli [
1 verbose cli   'C:\\Program Files\\nodejs\\node.exe',
1 verbose cli   'C:\\Program Files\\nodejs\\node_modules\\npm\\bin\\npm-cli.js',
1 verbose cli   'start'
1 verbose cli ]
2 info using npm@6.14.11
3 info using node@v14.16.0
4 verbose run-script [ 'prestart', 'start', 'poststart' ]
5 info lifecycle Alpha_X_Software_Com_App@0.0.1~prestart: Alpha_X_Software_Com_App@0.0.1
6 info lifecycle Alpha_X_Software_Com_App@0.0.1~start: Alpha_X_Software_Com_App@0.0.1
7 verbose lifecycle Alpha_X_Software_Com_App@0.0.1~start: unsafe-perm in lifecycle true
8 verbose lifecycle Alpha_X_Software_Com_App@0.0.1~start: PATH: C:\Program Files\nodejs\node_modules\npm\node_modules\npm-lifecycle\node-gyp-bin;D:\MyWorksSpace\React Native Projects\Final Result Project\Alpha_X_Software_Com_App\node_modules\.bin;C:\Program Files (x86)\Common Files\Oracle\Java\javapath;C:\Windows\system32;C:\Windows;C:\Windows\System32\Wbem;C:\Windows\System32\WindowsPowerShell\v1.0\;C:\Windows\System32\OpenSSH\;C:\Program Files\Git\cmd;C:\Program Files\nodejs\;C:\Program Files\Android\Android Studio\bin;C:\Users\Red Alpha\AppData\Local\Android\Sdk\platform-tools;C:\Program Files (x86)\NVIDIA Corporation\PhysX\Common;C:\Program Files\NVIDIA Corporation\NVIDIA NvDLISR;C:\Program Files\Java\jdk1.8.0_211\bin;C:\Program Files\MySQL\MySQL Shell 8.0\bin\;C:\Users\Red Alpha\AppData\Local\Microsoft\WindowsApps;C:\Installing Software\IntelliJ IDEA 2021.1\bin;;C:\Users\Red Alpha\AppData\Local\Programs\Microsoft VS Code\bin;C:\Users\Red Alpha\AppData\Roaming\npm;C:\Users\Red Alpha\AppData\Local\Android\Sdk\platform-tools;
9 verbose lifecycle Alpha_X_Software_Com_App@0.0.1~start: CWD: D:\MyWorksSpace\React Native Projects\Final Result Project\Alpha_X_Software_Com_App
10 silly lifecycle Alpha_X_Software_Com_App@0.0.1~start: Args: [ '/d /s /c', 'react-native start' ]
11 silly lifecycle Alpha_X_Software_Com_App@0.0.1~start: Returned: code: 7  signal: null
12 info lifecycle Alpha_X_Software_Com_App@0.0.1~start: Failed to exec start script
13 verbose stack Error: Alpha_X_Software_Com_App@0.0.1 start: `react-native start`
13 verbose stack Exit status 7
13 verbose stack     at EventEmitter.<anonymous> (C:\Program Files\nodejs\node_modules\npm\node_modules\npm-lifecycle\index.js:332:16)
13 verbose stack     at EventEmitter.emit (events.js:315:20)
13 verbose stack     at ChildProcess.<anonymous> (C:\Program Files\nodejs\node_modules\npm\node_modules\npm-lifecycle\lib\spawn.js:55:14)
13 verbose stack     at ChildProcess.emit (events.js:315:20)
13 verbose stack     at maybeClose (internal/child_process.js:1048:16)
13 verbose stack     at Process.ChildProcess._handle.onexit (internal/child_process.js:288:5)
14 verbose pkgid Alpha_X_Software_Com_App@0.0.1
15 verbose cwd D:\MyWorksSpace\React Native Projects\Final Result Project\Alpha_X_Software_Com_App
16 verbose Windows_NT 10.0.19042
17 verbose argv "C:\\Program Files\\nodejs\\node.exe" "C:\\Program Files\\nodejs\\node_modules\\npm\\bin\\npm-cli.js" "start"
18 verbose node v14.16.0
19 verbose npm  v6.14.11
20 error code ELIFECYCLE
21 error errno 7
22 error Alpha_X_Software_Com_App@0.0.1 start: `react-native start`
22 error Exit status 7
23 error Failed at the Alpha_X_Software_Com_App@0.0.1 start script.
23 error This is probably not a problem with npm. There is likely additional logging output above.
24 verbose exit [ 7, true ]
